items count: 72
index: 4 at (0,1), selecting: blender
index: 8 at (0,2), selecting: DeEn
index: 12 at (0,3), selecting: iotserver
index: 16 at (0,4), selecting: ShellDesk
index: 20 at (0,5), selecting: WebDesk
index: 24 at (0,6), selecting: Adobe Photoshop 2021.lnk
index: 28 at (0,7), selecting: Counter-Strike Global Offensive.url
index: 32 at (0,8), selecting: DoorKickers2.lnk
index: 36 at (0,9), selecting: Football Manager 2023.lnk
index: 40 at (0,10), selecting: Hearts of Iron IV.lnk
index: 44 at (0,11), selecting: MCA Selector.lnk
index: 48 at (0,12), selecting: ModMate.lnk
index: 52 at (0,13), selecting: Plan 3,4,D,R.pdf
index: 56 at (0,14), selecting: Roblox Player.lnk
index: 60 at (0,15), selecting: Total Tank Simulator.url
index: 64 at (0,16), selecting: War Thunder.url
index: 68 at (0,17), selecting: desktop.ini
index: 71 at (3,17), selecting: ~WRL0818.tmp
index: 70 at (2,17), selecting: ~$2566.docx
index: 71 at (3,17), selecting: ~WRL0818.tmp
index: 70 at (2,17), selecting: ~$2566.docx
index: 71 at (2,17), selecting: ~$2566.docx
selecting buffer: "~$2566.docx", "~WRL0818.tmp", 
from: Some(70), to: Some(71)
index: 71 at (2,17), selecting: ~$2566.docx
selecting buffer: "~$2566.docx", "~WRL0818.tmp", 
from: Some(70), to: Some(71)
index: 71 at (2,17), selecting: ~$2566.docx
selecting buffer: "~$2566.docx", "~WRL0818.tmp", 
from: Some(70), to: Some(71)
index: 70 at (2,17), selecting: ~$2566.docx
index: 68 at (0,17), selecting: desktop.ini
index: 69 at (1,17), selecting: ynsd.psd
index: 69 at (1,17), selecting: ynsd.psd
selecting buffer: "ynsd.psd", "~$2566.docx", "~WRL0818.tmp", 
from: Some(71), to: Some(71)
index: 68 at (0,17), selecting: desktop.ini
index: 69 at (1,17), selecting: ynsd.psd
index: 69 at (1,17), selecting: ynsd.psd
selecting buffer: "ynsd.psd", "~$2566.docx", "~WRL0818.tmp", 
from: Some(71), to: Some(71)
